{"/Users/thomastiercelin/nodebjectify/lib/index.js":{"path":"/Users/thomastiercelin/nodebjectify/lib/index.js","s":{"1":1,"2":2,"3":2,"4":2,"5":2,"6":2,"7":2,"8":2,"9":2,"10":2,"11":2,"12":2,"13":2,"14":2,"15":1,"16":6,"17":2,"18":6,"19":1},"b":{"1":[2,1],"2":[2,1],"3":[2,1],"4":[2,1],"5":[2,1],"6":[2,1],"7":[2,4]},"f":{"1":2,"2":6},"fnMap":{"1":{"name":"Nodebjectify","line":3,"loc":{"start":{"line":3,"column":0},"end":{"line":3,"column":31}}},"2":{"name":"(anonymous_2)","line":27,"loc":{"start":{"line":27,"column":27},"end":{"line":27,"column":45}}}},"statementMap":{"1":{"start":{"line":3,"column":0},"end":{"line":25,"column":1}},"2":{"start":{"line":4,"column":2},"end":{"line":4,"column":51}},"3":{"start":{"line":6,"column":2},"end":{"line":6,"column":63}},"4":{"start":{"line":7,"column":2},"end":{"line":7,"column":51}},"5":{"start":{"line":8,"column":2},"end":{"line":8,"column":82}},"6":{"start":{"line":9,"column":2},"end":{"line":9,"column":98}},"7":{"start":{"line":11,"column":2},"end":{"line":11,"column":60}},"8":{"start":{"line":12,"column":2},"end":{"line":12,"column":87}},"9":{"start":{"line":13,"column":2},"end":{"line":13,"column":64}},"10":{"start":{"line":16,"column":2},"end":{"line":18,"column":4}},"11":{"start":{"line":20,"column":2},"end":{"line":20,"column":65}},"12":{"start":{"line":21,"column":2},"end":{"line":21,"column":53}},"13":{"start":{"line":22,"column":2},"end":{"line":22,"column":34}},"14":{"start":{"line":24,"column":2},"end":{"line":24,"column":14}},"15":{"start":{"line":27,"column":0},"end":{"line":32,"column":2}},"16":{"start":{"line":28,"column":2},"end":{"line":30,"column":3}},"17":{"start":{"line":29,"column":4},"end":{"line":29,"column":54}},"18":{"start":{"line":31,"column":2},"end":{"line":31,"column":31}},"19":{"start":{"line":35,"column":0},"end":{"line":35,"column":42}}},"branchMap":{"1":{"line":4,"type":"binary-expr","locations":[{"start":{"line":4,"column":12},"end":{"line":4,"column":19}},{"start":{"line":4,"column":23},"end":{"line":4,"column":50}}]},"2":{"line":6,"type":"binary-expr","locations":[{"start":{"line":6,"column":26},"end":{"line":6,"column":47}},{"start":{"line":6,"column":51},"end":{"line":6,"column":62}}]},"3":{"line":7,"type":"binary-expr","locations":[{"start":{"line":7,"column":23},"end":{"line":7,"column":41}},{"start":{"line":7,"column":45},"end":{"line":7,"column":50}}]},"4":{"line":8,"type":"binary-expr","locations":[{"start":{"line":8,"column":34},"end":{"line":8,"column":63}},{"start":{"line":8,"column":67},"end":{"line":8,"column":81}}]},"5":{"line":9,"type":"binary-expr","locations":[{"start":{"line":9,"column":48},"end":{"line":9,"column":91}},{"start":{"line":9,"column":95},"end":{"line":9,"column":97}}]},"6":{"line":12,"type":"binary-expr","locations":[{"start":{"line":12,"column":38},"end":{"line":12,"column":71}},{"start":{"line":12,"column":75},"end":{"line":12,"column":86}}]},"7":{"line":28,"type":"if","locations":[{"start":{"line":28,"column":2},"end":{"line":28,"column":2}},{"start":{"line":28,"column":2},"end":{"line":28,"column":2}}]}}},"/Users/thomastiercelin/nodebjectify/lib/datastore.js":{"path":"/Users/thomastiercelin/nodebjectify/lib/datastore.js","s":{"1":1,"2":1,"3":1,"4":0,"5":1,"6":0,"7":1,"8":1,"9":1,"10":1,"11":1,"12":1,"13":1,"14":0,"15":1,"16":10,"17":1,"18":5,"19":5,"20":5,"21":0,"22":5,"23":5,"24":142,"25":142,"26":5,"27":5,"28":1,"29":100,"30":0,"31":100,"32":100,"33":65,"34":100,"35":1,"36":27,"37":27,"38":27,"39":27,"40":0,"41":27,"42":14,"43":13,"44":13,"45":27,"46":1,"47":14,"48":14,"49":14,"50":14,"51":0,"52":14,"53":14,"54":1,"55":59,"56":59,"57":59,"58":59,"59":208,"60":24,"61":184,"62":59,"63":59,"64":0,"65":59,"66":59,"67":59,"68":1,"69":1,"70":1,"71":1,"72":1,"73":1,"74":1,"75":1,"76":1,"77":1,"78":1,"79":2,"80":1,"81":2,"82":1},"b":{"1":[0,1],"2":[0,1],"3":[0,5],"4":[0,100],"5":[65,35],"6":[0,27],"7":[14,13],"8":[0,14],"9":[24,184],"10":[0,59],"11":[1,1]},"f":{"1":1,"2":0,"3":10,"4":5,"5":5,"6":142,"7":100,"8":27,"9":27,"10":14,"11":14,"12":59,"13":208,"14":59,"15":2},"fnMap":{"1":{"name":"Datastore","line":5,"loc":{"start":{"line":5,"column":0},"end":{"line":5,"column":28}}},"2":{"name":"getNamespace","line":29,"loc":{"start":{"line":29,"column":2},"end":{"line":29,"column":26}}},"3":{"name":"createQuery","line":33,"loc":{"start":{"line":33,"column":2},"end":{"line":33,"column":29}}},"4":{"name":"runQuery","line":37,"loc":{"start":{"line":37,"column":2},"end":{"line":37,"column":27}}},"5":{"name":"(anonymous_5)","line":41,"loc":{"start":{"line":41,"column":28},"end":{"line":41,"column":62}}},"6":{"name":"(anonymous_6)","line":48,"loc":{"start":{"line":48,"column":23},"end":{"line":48,"column":39}}},"7":{"name":"getKey","line":62,"loc":{"start":{"line":62,"column":2},"end":{"line":62,"column":28}}},"8":{"name":"get","line":76,"loc":{"start":{"line":76,"column":2},"end":{"line":76,"column":25}}},"9":{"name":"(anonymous_9)","line":80,"loc":{"start":{"line":80,"column":21},"end":{"line":80,"column":43}}},"10":{"name":"del","line":97,"loc":{"start":{"line":97,"column":2},"end":{"line":97,"column":25}}},"11":{"name":"(anonymous_11)","line":101,"loc":{"start":{"line":101,"column":24},"end":{"line":101,"column":38}}},"12":{"name":"save","line":111,"loc":{"start":{"line":111,"column":2},"end":{"line":111,"column":30}}},"13":{"name":"(anonymous_13)","line":118,"loc":{"start":{"line":118,"column":32},"end":{"line":118,"column":45}}},"14":{"name":"(anonymous_14)","line":128,"loc":{"start":{"line":128,"column":7},"end":{"line":128,"column":21}}},"15":{"name":"getInstance","line":163,"loc":{"start":{"line":163,"column":0},"end":{"line":163,"column":30}}}},"statementMap":{"1":{"start":{"line":3,"column":0},"end":{"line":3,"column":23}},"2":{"start":{"line":5,"column":0},"end":{"line":160,"column":1}},"3":{"start":{"line":6,"column":2},"end":{"line":8,"column":3}},"4":{"start":{"line":7,"column":4},"end":{"line":7,"column":99}},"5":{"start":{"line":9,"column":2},"end":{"line":11,"column":3}},"6":{"start":{"line":10,"column":4},"end":{"line":10,"column":102}},"7":{"start":{"line":12,"column":2},"end":{"line":12,"column":16}},"8":{"start":{"line":14,"column":2},"end":{"line":16,"column":4}},"9":{"start":{"line":18,"column":2},"end":{"line":18,"column":43}},"10":{"start":{"line":20,"column":2},"end":{"line":20,"column":47}},"11":{"start":{"line":21,"column":2},"end":{"line":21,"column":37}},"12":{"start":{"line":22,"column":2},"end":{"line":25,"column":5}},"13":{"start":{"line":29,"column":2},"end":{"line":31,"column":3}},"14":{"start":{"line":30,"column":4},"end":{"line":30,"column":26}},"15":{"start":{"line":33,"column":2},"end":{"line":35,"column":3}},"16":{"start":{"line":34,"column":4},"end":{"line":34,"column":37}},"17":{"start":{"line":37,"column":2},"end":{"line":60,"column":3}},"18":{"start":{"line":39,"column":4},"end":{"line":39,"column":29}},"19":{"start":{"line":41,"column":4},"end":{"line":57,"column":7}},"20":{"start":{"line":43,"column":6},"end":{"line":45,"column":7}},"21":{"start":{"line":44,"column":8},"end":{"line":44,"column":47}},"22":{"start":{"line":46,"column":6},"end":{"line":46,"column":20}},"23":{"start":{"line":48,"column":6},"end":{"line":51,"column":9}},"24":{"start":{"line":49,"column":8},"end":{"line":49,"column":39}},"25":{"start":{"line":50,"column":8},"end":{"line":50,"column":31}},"26":{"start":{"line":53,"column":6},"end":{"line":56,"column":9}},"27":{"start":{"line":59,"column":4},"end":{"line":59,"column":28}},"28":{"start":{"line":62,"column":2},"end":{"line":74,"column":3}},"29":{"start":{"line":63,"column":4},"end":{"line":65,"column":5}},"30":{"start":{"line":64,"column":6},"end":{"line":64,"column":59}},"31":{"start":{"line":66,"column":4},"end":{"line":66,"column":22}},"32":{"start":{"line":67,"column":4},"end":{"line":69,"column":5}},"33":{"start":{"line":68,"column":6},"end":{"line":68,"column":19}},"34":{"start":{"line":70,"column":4},"end":{"line":73,"column":7}},"35":{"start":{"line":76,"column":2},"end":{"line":95,"column":3}},"36":{"start":{"line":77,"column":4},"end":{"line":77,"column":29}},"37":{"start":{"line":78,"column":4},"end":{"line":78,"column":31}},"38":{"start":{"line":80,"column":4},"end":{"line":92,"column":7}},"39":{"start":{"line":81,"column":6},"end":{"line":91,"column":7}},"40":{"start":{"line":82,"column":8},"end":{"line":82,"column":47}},"41":{"start":{"line":85,"column":8},"end":{"line":87,"column":9}},"42":{"start":{"line":86,"column":10},"end":{"line":86,"column":36}},"43":{"start":{"line":89,"column":8},"end":{"line":89,"column":39}},"44":{"start":{"line":90,"column":8},"end":{"line":90,"column":38}},"45":{"start":{"line":94,"column":4},"end":{"line":94,"column":28}},"46":{"start":{"line":97,"column":2},"end":{"line":109,"column":3}},"47":{"start":{"line":98,"column":4},"end":{"line":98,"column":29}},"48":{"start":{"line":99,"column":4},"end":{"line":99,"column":31}},"49":{"start":{"line":101,"column":4},"end":{"line":107,"column":7}},"50":{"start":{"line":103,"column":6},"end":{"line":105,"column":7}},"51":{"start":{"line":104,"column":8},"end":{"line":104,"column":47}},"52":{"start":{"line":106,"column":6},"end":{"line":106,"column":44}},"53":{"start":{"line":108,"column":4},"end":{"line":108,"column":28}},"54":{"start":{"line":111,"column":2},"end":{"line":143,"column":3}},"55":{"start":{"line":112,"column":4},"end":{"line":112,"column":29}},"56":{"start":{"line":113,"column":4},"end":{"line":113,"column":38}},"57":{"start":{"line":117,"column":4},"end":{"line":117,"column":20}},"58":{"start":{"line":118,"column":4},"end":{"line":123,"column":7}},"59":{"start":{"line":119,"column":6},"end":{"line":121,"column":7}},"60":{"start":{"line":120,"column":8},"end":{"line":120,"column":15}},"61":{"start":{"line":122,"column":6},"end":{"line":122,"column":32}},"62":{"start":{"line":125,"column":4},"end":{"line":140,"column":7}},"63":{"start":{"line":131,"column":6},"end":{"line":139,"column":7}},"64":{"start":{"line":133,"column":8},"end":{"line":133,"column":47}},"65":{"start":{"line":137,"column":8},"end":{"line":137,"column":27}},"66":{"start":{"line":138,"column":8},"end":{"line":138,"column":33}},"67":{"start":{"line":142,"column":4},"end":{"line":142,"column":28}},"68":{"start":{"line":145,"column":2},"end":{"line":145,"column":35}},"69":{"start":{"line":146,"column":2},"end":{"line":146,"column":23}},"70":{"start":{"line":148,"column":2},"end":{"line":148,"column":17}},"71":{"start":{"line":149,"column":2},"end":{"line":149,"column":17}},"72":{"start":{"line":150,"column":2},"end":{"line":150,"column":19}},"73":{"start":{"line":152,"column":2},"end":{"line":152,"column":33}},"74":{"start":{"line":153,"column":2},"end":{"line":153,"column":27}},"75":{"start":{"line":156,"column":2},"end":{"line":156,"column":22}},"76":{"start":{"line":158,"column":2},"end":{"line":158,"column":14}},"77":{"start":{"line":162,"column":0},"end":{"line":162,"column":26}},"78":{"start":{"line":163,"column":0},"end":{"line":168,"column":1}},"79":{"start":{"line":164,"column":2},"end":{"line":166,"column":3}},"80":{"start":{"line":165,"column":4},"end":{"line":165,"column":48}},"81":{"start":{"line":167,"column":2},"end":{"line":167,"column":28}},"82":{"start":{"line":170,"column":0},"end":{"line":170,"column":39}}},"branchMap":{"1":{"line":6,"type":"if","locations":[{"start":{"line":6,"column":2},"end":{"line":6,"column":2}},{"start":{"line":6,"column":2},"end":{"line":6,"column":2}}]},"2":{"line":9,"type":"if","locations":[{"start":{"line":9,"column":2},"end":{"line":9,"column":2}},{"start":{"line":9,"column":2},"end":{"line":9,"column":2}}]},"3":{"line":43,"type":"if","locations":[{"start":{"line":43,"column":6},"end":{"line":43,"column":6}},{"start":{"line":43,"column":6},"end":{"line":43,"column":6}}]},"4":{"line":63,"type":"if","locations":[{"start":{"line":63,"column":4},"end":{"line":63,"column":4}},{"start":{"line":63,"column":4},"end":{"line":63,"column":4}}]},"5":{"line":67,"type":"if","locations":[{"start":{"line":67,"column":4},"end":{"line":67,"column":4}},{"start":{"line":67,"column":4},"end":{"line":67,"column":4}}]},"6":{"line":81,"type":"if","locations":[{"start":{"line":81,"column":6},"end":{"line":81,"column":6}},{"start":{"line":81,"column":6},"end":{"line":81,"column":6}}]},"7":{"line":85,"type":"if","locations":[{"start":{"line":85,"column":8},"end":{"line":85,"column":8}},{"start":{"line":85,"column":8},"end":{"line":85,"column":8}}]},"8":{"line":103,"type":"if","locations":[{"start":{"line":103,"column":6},"end":{"line":103,"column":6}},{"start":{"line":103,"column":6},"end":{"line":103,"column":6}}]},"9":{"line":119,"type":"if","locations":[{"start":{"line":119,"column":6},"end":{"line":119,"column":6}},{"start":{"line":119,"column":6},"end":{"line":119,"column":6}}]},"10":{"line":131,"type":"if","locations":[{"start":{"line":131,"column":6},"end":{"line":131,"column":6}},{"start":{"line":131,"column":6},"end":{"line":131,"column":6}}]},"11":{"line":164,"type":"if","locations":[{"start":{"line":164,"column":2},"end":{"line":164,"column":2}},{"start":{"line":164,"column":2},"end":{"line":164,"column":2}}]}}},"/Users/thomastiercelin/nodebjectify/lib/cache.js":{"path":"/Users/thomastiercelin/nodebjectify/lib/cache.js","s":{"1":1,"2":1,"3":1,"4":1,"5":0,"6":1,"7":0,"8":1,"9":1,"10":1,"11":1,"12":4,"13":1,"14":1,"15":2,"16":1,"17":2,"18":2,"19":1,"20":107,"21":105,"22":2,"23":1,"24":48,"25":48,"26":48,"27":48,"28":0,"29":48,"30":48,"31":1,"32":34,"33":1,"34":34,"35":34,"36":34,"37":0,"38":0,"39":34,"40":34,"41":1,"42":21,"43":1,"44":21,"45":21,"46":21,"47":0,"48":0,"49":21,"50":21,"51":1,"52":1,"53":1,"54":1,"55":1,"56":1,"57":1,"58":1,"59":1,"60":3,"61":1,"62":3,"63":1},"b":{"1":[0,1],"2":[0,1],"3":[1,1],"4":[105,2],"5":[48,42],"6":[0,48],"7":[1,33],"8":[0,34],"9":[1,20],"10":[0,21],"11":[1,2]},"f":{"1":1,"2":4,"3":2,"4":107,"5":48,"6":48,"7":34,"8":34,"9":21,"10":21,"11":3},"fnMap":{"1":{"name":"(anonymous_1)","line":6,"loc":{"start":{"line":6,"column":12},"end":{"line":6,"column":30}}},"2":{"name":"(anonymous_2)","line":19,"loc":{"start":{"line":19,"column":31},"end":{"line":19,"column":44}}},"3":{"name":"reset","line":25,"loc":{"start":{"line":25,"column":2},"end":{"line":25,"column":22}}},"4":{"name":"getCacheName","line":33,"loc":{"start":{"line":33,"column":2},"end":{"line":33,"column":29}}},"5":{"name":"set","line":42,"loc":{"start":{"line":42,"column":2},"end":{"line":42,"column":37}}},"6":{"name":"(anonymous_6)","line":46,"loc":{"start":{"line":46,"column":59},"end":{"line":46,"column":74}}},"7":{"name":"get","line":58,"loc":{"start":{"line":58,"column":2},"end":{"line":58,"column":20}}},"8":{"name":"(anonymous_8)","line":63,"loc":{"start":{"line":63,"column":42},"end":{"line":63,"column":63}}},"9":{"name":"del","line":76,"loc":{"start":{"line":76,"column":2},"end":{"line":76,"column":20}}},"10":{"name":"(anonymous_10)","line":81,"loc":{"start":{"line":81,"column":42},"end":{"line":81,"column":63}}},"11":{"name":"getInstance","line":105,"loc":{"start":{"line":105,"column":0},"end":{"line":105,"column":30}}}},"statementMap":{"1":{"start":{"line":3,"column":0},"end":{"line":3,"column":23}},"2":{"start":{"line":4,"column":0},"end":{"line":4,"column":39}},"3":{"start":{"line":6,"column":0},"end":{"line":102,"column":2}},"4":{"start":{"line":7,"column":2},"end":{"line":9,"column":3}},"5":{"start":{"line":8,"column":4},"end":{"line":8,"column":95}},"6":{"start":{"line":10,"column":2},"end":{"line":12,"column":3}},"7":{"start":{"line":11,"column":4},"end":{"line":11,"column":17}},"8":{"start":{"line":14,"column":2},"end":{"line":14,"column":36}},"9":{"start":{"line":15,"column":2},"end":{"line":15,"column":30}},"10":{"start":{"line":17,"column":2},"end":{"line":17,"column":16}},"11":{"start":{"line":19,"column":2},"end":{"line":21,"column":5}},"12":{"start":{"line":20,"column":4},"end":{"line":20,"column":29}},"13":{"start":{"line":23,"column":2},"end":{"line":23,"column":71}},"14":{"start":{"line":25,"column":2},"end":{"line":31,"column":3}},"15":{"start":{"line":26,"column":4},"end":{"line":28,"column":5}},"16":{"start":{"line":27,"column":6},"end":{"line":27,"column":20}},"17":{"start":{"line":29,"column":4},"end":{"line":29,"column":79}},"18":{"start":{"line":30,"column":4},"end":{"line":30,"column":51}},"19":{"start":{"line":33,"column":2},"end":{"line":40,"column":3}},"20":{"start":{"line":34,"column":4},"end":{"line":39,"column":5}},"21":{"start":{"line":35,"column":6},"end":{"line":35,"column":42}},"22":{"start":{"line":38,"column":6},"end":{"line":38,"column":17}},"23":{"start":{"line":42,"column":2},"end":{"line":56,"column":3}},"24":{"start":{"line":44,"column":4},"end":{"line":44,"column":62}},"25":{"start":{"line":45,"column":4},"end":{"line":45,"column":29}},"26":{"start":{"line":46,"column":4},"end":{"line":54,"column":7}},"27":{"start":{"line":48,"column":6},"end":{"line":53,"column":7}},"28":{"start":{"line":49,"column":8},"end":{"line":49,"column":40}},"29":{"start":{"line":52,"column":8},"end":{"line":52,"column":31}},"30":{"start":{"line":55,"column":4},"end":{"line":55,"column":28}},"31":{"start":{"line":58,"column":2},"end":{"line":74,"column":3}},"32":{"start":{"line":59,"column":4},"end":{"line":61,"column":5}},"33":{"start":{"line":60,"column":6},"end":{"line":60,"column":65}},"34":{"start":{"line":62,"column":4},"end":{"line":62,"column":29}},"35":{"start":{"line":63,"column":4},"end":{"line":72,"column":7}},"36":{"start":{"line":65,"column":6},"end":{"line":71,"column":7}},"37":{"start":{"line":66,"column":8},"end":{"line":66,"column":25}},"38":{"start":{"line":67,"column":8},"end":{"line":67,"column":40}},"39":{"start":{"line":70,"column":8},"end":{"line":70,"column":31}},"40":{"start":{"line":73,"column":4},"end":{"line":73,"column":28}},"41":{"start":{"line":76,"column":2},"end":{"line":91,"column":3}},"42":{"start":{"line":77,"column":4},"end":{"line":79,"column":5}},"43":{"start":{"line":78,"column":6},"end":{"line":78,"column":65}},"44":{"start":{"line":80,"column":4},"end":{"line":80,"column":29}},"45":{"start":{"line":81,"column":4},"end":{"line":89,"column":7}},"46":{"start":{"line":82,"column":6},"end":{"line":88,"column":7}},"47":{"start":{"line":83,"column":8},"end":{"line":83,"column":25}},"48":{"start":{"line":84,"column":8},"end":{"line":84,"column":40}},"49":{"start":{"line":87,"column":8},"end":{"line":87,"column":31}},"50":{"start":{"line":90,"column":4},"end":{"line":90,"column":28}},"51":{"start":{"line":93,"column":2},"end":{"line":93,"column":21}},"52":{"start":{"line":94,"column":2},"end":{"line":94,"column":35}},"53":{"start":{"line":95,"column":2},"end":{"line":95,"column":17}},"54":{"start":{"line":96,"column":2},"end":{"line":96,"column":17}},"55":{"start":{"line":97,"column":2},"end":{"line":97,"column":17}},"56":{"start":{"line":99,"column":2},"end":{"line":99,"column":17}},"57":{"start":{"line":101,"column":2},"end":{"line":101,"column":14}},"58":{"start":{"line":104,"column":0},"end":{"line":104,"column":22}},"59":{"start":{"line":105,"column":0},"end":{"line":110,"column":1}},"60":{"start":{"line":106,"column":2},"end":{"line":108,"column":3}},"61":{"start":{"line":107,"column":4},"end":{"line":107,"column":40}},"62":{"start":{"line":109,"column":2},"end":{"line":109,"column":24}},"63":{"start":{"line":112,"column":0},"end":{"line":112,"column":39}}},"branchMap":{"1":{"line":7,"type":"if","locations":[{"start":{"line":7,"column":2},"end":{"line":7,"column":2}},{"start":{"line":7,"column":2},"end":{"line":7,"column":2}}]},"2":{"line":10,"type":"if","locations":[{"start":{"line":10,"column":2},"end":{"line":10,"column":2}},{"start":{"line":10,"column":2},"end":{"line":10,"column":2}}]},"3":{"line":26,"type":"if","locations":[{"start":{"line":26,"column":4},"end":{"line":26,"column":4}},{"start":{"line":26,"column":4},"end":{"line":26,"column":4}}]},"4":{"line":34,"type":"if","locations":[{"start":{"line":34,"column":4},"end":{"line":34,"column":4}},{"start":{"line":34,"column":4},"end":{"line":34,"column":4}}]},"5":{"line":44,"type":"binary-expr","locations":[{"start":{"line":44,"column":15},"end":{"line":44,"column":23}},{"start":{"line":44,"column":27},"end":{"line":44,"column":61}}]},"6":{"line":48,"type":"if","locations":[{"start":{"line":48,"column":6},"end":{"line":48,"column":6}},{"start":{"line":48,"column":6},"end":{"line":48,"column":6}}]},"7":{"line":59,"type":"if","locations":[{"start":{"line":59,"column":4},"end":{"line":59,"column":4}},{"start":{"line":59,"column":4},"end":{"line":59,"column":4}}]},"8":{"line":65,"type":"if","locations":[{"start":{"line":65,"column":6},"end":{"line":65,"column":6}},{"start":{"line":65,"column":6},"end":{"line":65,"column":6}}]},"9":{"line":77,"type":"if","locations":[{"start":{"line":77,"column":4},"end":{"line":77,"column":4}},{"start":{"line":77,"column":4},"end":{"line":77,"column":4}}]},"10":{"line":82,"type":"if","locations":[{"start":{"line":82,"column":6},"end":{"line":82,"column":6}},{"start":{"line":82,"column":6},"end":{"line":82,"column":6}}]},"11":{"line":106,"type":"if","locations":[{"start":{"line":106,"column":2},"end":{"line":106,"column":2}},{"start":{"line":106,"column":2},"end":{"line":106,"column":2}}]}}},"/Users/thomastiercelin/nodebjectify/lib/model.js":{"path":"/Users/thomastiercelin/nodebjectify/lib/model.js","s":{"1":1,"2":1,"3":1,"4":1,"5":96,"6":210,"7":210,"8":210,"9":819,"10":210,"11":51,"12":186,"13":3,"14":3,"15":3,"16":3,"17":0,"18":3,"19":3,"20":132,"21":3,"22":0,"23":3,"24":6,"25":15,"26":15,"27":15,"28":15,"29":15,"30":15,"31":6,"32":9,"33":9,"34":3,"35":9,"36":0,"37":0,"38":15,"39":9,"40":9,"41":9,"42":9,"43":9,"44":9,"45":9,"46":0,"47":9,"48":30,"49":30,"50":30,"51":30,"52":30,"53":30,"54":30,"55":30,"56":12,"57":30,"58":30,"59":18,"60":30,"61":0,"62":30,"63":3,"64":24,"65":24,"66":24,"67":24,"68":12,"69":12,"70":24,"71":12,"72":45,"73":3,"74":96,"75":30,"76":30,"77":30,"78":30,"79":15,"80":15,"81":30,"82":18,"83":45,"84":3,"85":1},"b":{"1":[210,3],"2":[51,159],"3":[0,3],"4":[3,3],"5":[6,9],"6":[3,6],"7":[30,18],"8":[12,18],"9":[18,12],"10":[12,12],"11":[15,15]},"f":{"1":96,"2":210,"3":819,"4":186,"5":3,"6":3,"7":132,"8":0,"9":6,"10":15,"11":15,"12":9,"13":9,"14":30,"15":30,"16":3,"17":24,"18":24,"19":12,"20":45,"21":3,"22":96,"23":30,"24":30,"25":18,"26":45,"27":3},"fnMap":{"1":{"name":"generateCacheName","line":7,"loc":{"start":{"line":7,"column":0},"end":{"line":7,"column":37}}},"2":{"name":"(anonymous_2)","line":13,"loc":{"start":{"line":13,"column":13},"end":{"line":13,"column":20}}},"3":{"name":"(anonymous_3)","line":16,"loc":{"start":{"line":16,"column":30},"end":{"line":16,"column":43}}},"4":{"name":"(anonymous_4)","line":26,"loc":{"start":{"line":26,"column":16},"end":{"line":26,"column":19}}},"5":{"name":"(anonymous_5)","line":32,"loc":{"start":{"line":32,"column":17},"end":{"line":32,"column":25}}},"6":{"name":"(anonymous_6)","line":35,"loc":{"start":{"line":35,"column":35},"end":{"line":35,"column":49}}},"7":{"name":"(anonymous_7)","line":41,"loc":{"start":{"line":41,"column":28},"end":{"line":41,"column":44}}},"8":{"name":"(anonymous_8)","line":46,"loc":{"start":{"line":46,"column":13},"end":{"line":46,"column":26}}},"9":{"name":"(anonymous_9)","line":51,"loc":{"start":{"line":51,"column":14},"end":{"line":51,"column":17}}},"10":{"name":"(anonymous_10)","line":55,"loc":{"start":{"line":55,"column":12},"end":{"line":55,"column":17}}},"11":{"name":"(anonymous_11)","line":60,"loc":{"start":{"line":60,"column":12},"end":{"line":60,"column":25}}},"12":{"name":"(anonymous_12)","line":85,"loc":{"start":{"line":85,"column":12},"end":{"line":85,"column":17}}},"13":{"name":"(anonymous_13)","line":89,"loc":{"start":{"line":89,"column":12},"end":{"line":89,"column":25}}},"14":{"name":"(anonymous_14)","line":105,"loc":{"start":{"line":105,"column":6},"end":{"line":105,"column":9}}},"15":{"name":"(anonymous_15)","line":109,"loc":{"start":{"line":109,"column":12},"end":{"line":109,"column":25}}},"16":{"name":"(anonymous_16)","line":136,"loc":{"start":{"line":136,"column":5},"end":{"line":136,"column":8}}},"17":{"name":"(anonymous_17)","line":143,"loc":{"start":{"line":143,"column":25},"end":{"line":143,"column":30}}},"18":{"name":"(anonymous_18)","line":146,"loc":{"start":{"line":146,"column":43},"end":{"line":146,"column":58}}},"19":{"name":"(anonymous_19)","line":155,"loc":{"start":{"line":155,"column":25},"end":{"line":155,"column":30}}},"20":{"name":"(anonymous_20)","line":160,"loc":{"start":{"line":160,"column":16},"end":{"line":160,"column":19}}},"21":{"name":"(anonymous_21)","line":164,"loc":{"start":{"line":164,"column":18},"end":{"line":164,"column":21}}},"22":{"name":"(anonymous_22)","line":171,"loc":{"start":{"line":171,"column":21},"end":{"line":171,"column":26}}},"23":{"name":"(anonymous_23)","line":175,"loc":{"start":{"line":175,"column":21},"end":{"line":175,"column":26}}},"24":{"name":"(anonymous_24)","line":178,"loc":{"start":{"line":178,"column":42},"end":{"line":178,"column":57}}},"25":{"name":"(anonymous_25)","line":188,"loc":{"start":{"line":188,"column":21},"end":{"line":188,"column":26}}},"26":{"name":"(anonymous_26)","line":192,"loc":{"start":{"line":192,"column":12},"end":{"line":192,"column":23}}},"27":{"name":"(anonymous_27)","line":198,"loc":{"start":{"line":198,"column":14},"end":{"line":198,"column":17}}}},"statementMap":{"1":{"start":{"line":3,"column":0},"end":{"line":3,"column":49}},"2":{"start":{"line":4,"column":0},"end":{"line":4,"column":35}},"3":{"start":{"line":5,"column":0},"end":{"line":5,"column":23}},"4":{"start":{"line":7,"column":0},"end":{"line":9,"column":1}},"5":{"start":{"line":8,"column":2},"end":{"line":8,"column":21}},"6":{"start":{"line":14,"column":4},"end":{"line":14,"column":22}},"7":{"start":{"line":15,"column":4},"end":{"line":15,"column":21}},"8":{"start":{"line":16,"column":4},"end":{"line":18,"column":7}},"9":{"start":{"line":17,"column":6},"end":{"line":17,"column":29}},"10":{"start":{"line":19,"column":4},"end":{"line":21,"column":5}},"11":{"start":{"line":20,"column":6},"end":{"line":20,"column":34}},"12":{"start":{"line":27,"column":4},"end":{"line":27,"column":43}},"13":{"start":{"line":33,"column":4},"end":{"line":33,"column":21}},"14":{"start":{"line":34,"column":4},"end":{"line":34,"column":29}},"15":{"start":{"line":35,"column":4},"end":{"line":48,"column":7}},"16":{"start":{"line":36,"column":6},"end":{"line":38,"column":7}},"17":{"start":{"line":37,"column":8},"end":{"line":37,"column":62}},"18":{"start":{"line":40,"column":6},"end":{"line":40,"column":22}},"19":{"start":{"line":41,"column":6},"end":{"line":43,"column":9}},"20":{"start":{"line":42,"column":8},"end":{"line":42,"column":61}},"21":{"start":{"line":45,"column":6},"end":{"line":45,"column":74}},"22":{"start":{"line":47,"column":6},"end":{"line":47,"column":38}},"23":{"start":{"line":49,"column":4},"end":{"line":49,"column":28}},"24":{"start":{"line":52,"column":4},"end":{"line":52,"column":49}},"25":{"start":{"line":57,"column":4},"end":{"line":57,"column":21}},"26":{"start":{"line":58,"column":4},"end":{"line":58,"column":29}},"27":{"start":{"line":60,"column":4},"end":{"line":80,"column":7}},"28":{"start":{"line":61,"column":6},"end":{"line":79,"column":7}},"29":{"start":{"line":63,"column":8},"end":{"line":63,"column":49}},"30":{"start":{"line":65,"column":8},"end":{"line":68,"column":9}},"31":{"start":{"line":67,"column":10},"end":{"line":67,"column":41}},"32":{"start":{"line":70,"column":8},"end":{"line":70,"column":49}},"33":{"start":{"line":71,"column":8},"end":{"line":73,"column":9}},"34":{"start":{"line":72,"column":10},"end":{"line":72,"column":35}},"35":{"start":{"line":74,"column":8},"end":{"line":74,"column":32}},"36":{"start":{"line":77,"column":8},"end":{"line":77,"column":45}},"37":{"start":{"line":78,"column":8},"end":{"line":78,"column":40}},"38":{"start":{"line":82,"column":4},"end":{"line":82,"column":28}},"39":{"start":{"line":86,"column":4},"end":{"line":86,"column":21}},"40":{"start":{"line":87,"column":4},"end":{"line":87,"column":29}},"41":{"start":{"line":89,"column":4},"end":{"line":100,"column":7}},"42":{"start":{"line":90,"column":6},"end":{"line":99,"column":7}},"43":{"start":{"line":91,"column":8},"end":{"line":91,"column":37}},"44":{"start":{"line":93,"column":8},"end":{"line":93,"column":52}},"45":{"start":{"line":95,"column":8},"end":{"line":95,"column":31}},"46":{"start":{"line":98,"column":8},"end":{"line":98,"column":40}},"47":{"start":{"line":102,"column":4},"end":{"line":102,"column":28}},"48":{"start":{"line":106,"column":4},"end":{"line":106,"column":21}},"49":{"start":{"line":107,"column":4},"end":{"line":107,"column":29}},"50":{"start":{"line":109,"column":4},"end":{"line":132,"column":7}},"51":{"start":{"line":110,"column":6},"end":{"line":131,"column":7}},"52":{"start":{"line":111,"column":8},"end":{"line":111,"column":37}},"53":{"start":{"line":112,"column":8},"end":{"line":112,"column":25}},"54":{"start":{"line":114,"column":8},"end":{"line":114,"column":85}},"55":{"start":{"line":117,"column":8},"end":{"line":119,"column":9}},"56":{"start":{"line":118,"column":12},"end":{"line":118,"column":37}},"57":{"start":{"line":121,"column":8},"end":{"line":121,"column":45}},"58":{"start":{"line":123,"column":8},"end":{"line":125,"column":9}},"59":{"start":{"line":124,"column":12},"end":{"line":124,"column":37}},"60":{"start":{"line":127,"column":8},"end":{"line":127,"column":32}},"61":{"start":{"line":130,"column":8},"end":{"line":130,"column":40}},"62":{"start":{"line":134,"column":4},"end":{"line":134,"column":28}},"63":{"start":{"line":138,"column":4},"end":{"line":138,"column":41}},"64":{"start":{"line":144,"column":4},"end":{"line":144,"column":21}},"65":{"start":{"line":145,"column":4},"end":{"line":145,"column":29}},"66":{"start":{"line":146,"column":4},"end":{"line":151,"column":7}},"67":{"start":{"line":147,"column":6},"end":{"line":149,"column":7}},"68":{"start":{"line":148,"column":8},"end":{"line":148,"column":34}},"69":{"start":{"line":150,"column":6},"end":{"line":150,"column":65}},"70":{"start":{"line":152,"column":4},"end":{"line":152,"column":28}},"71":{"start":{"line":157,"column":4},"end":{"line":157,"column":45}},"72":{"start":{"line":161,"column":4},"end":{"line":161,"column":60}},"73":{"start":{"line":166,"column":4},"end":{"line":166,"column":54}},"74":{"start":{"line":172,"column":4},"end":{"line":172,"column":48}},"75":{"start":{"line":176,"column":4},"end":{"line":176,"column":21}},"76":{"start":{"line":177,"column":4},"end":{"line":177,"column":29}},"77":{"start":{"line":178,"column":4},"end":{"line":184,"column":7}},"78":{"start":{"line":180,"column":6},"end":{"line":182,"column":7}},"79":{"start":{"line":181,"column":8},"end":{"line":181,"column":34}},"80":{"start":{"line":183,"column":6},"end":{"line":183,"column":65}},"81":{"start":{"line":185,"column":4},"end":{"line":185,"column":28}},"82":{"start":{"line":189,"column":4},"end":{"line":189,"column":44}},"83":{"start":{"line":195,"column":4},"end":{"line":195,"column":77}},"84":{"start":{"line":199,"column":4},"end":{"line":199,"column":50}},"85":{"start":{"line":204,"column":0},"end":{"line":204,"column":23}}},"branchMap":{"1":{"line":14,"type":"binary-expr","locations":[{"start":{"line":14,"column":11},"end":{"line":14,"column":15}},{"start":{"line":14,"column":19},"end":{"line":14,"column":21}}]},"2":{"line":19,"type":"if","locations":[{"start":{"line":19,"column":4},"end":{"line":19,"column":4}},{"start":{"line":19,"column":4},"end":{"line":19,"column":4}}]},"3":{"line":36,"type":"if","locations":[{"start":{"line":36,"column":6},"end":{"line":36,"column":6}},{"start":{"line":36,"column":6},"end":{"line":36,"column":6}}]},"4":{"line":36,"type":"binary-expr","locations":[{"start":{"line":36,"column":9},"end":{"line":36,"column":23}},{"start":{"line":36,"column":27},"end":{"line":36,"column":53}}]},"5":{"line":65,"type":"if","locations":[{"start":{"line":65,"column":8},"end":{"line":65,"column":8}},{"start":{"line":65,"column":8},"end":{"line":65,"column":8}}]},"6":{"line":71,"type":"if","locations":[{"start":{"line":71,"column":8},"end":{"line":71,"column":8}},{"start":{"line":71,"column":8},"end":{"line":71,"column":8}}]},"7":{"line":114,"type":"binary-expr","locations":[{"start":{"line":114,"column":21},"end":{"line":114,"column":49}},{"start":{"line":114,"column":55},"end":{"line":114,"column":83}}]},"8":{"line":117,"type":"if","locations":[{"start":{"line":117,"column":8},"end":{"line":117,"column":8}},{"start":{"line":117,"column":8},"end":{"line":117,"column":8}}]},"9":{"line":123,"type":"if","locations":[{"start":{"line":123,"column":8},"end":{"line":123,"column":8}},{"start":{"line":123,"column":8},"end":{"line":123,"column":8}}]},"10":{"line":147,"type":"if","locations":[{"start":{"line":147,"column":6},"end":{"line":147,"column":6}},{"start":{"line":147,"column":6},"end":{"line":147,"column":6}}]},"11":{"line":180,"type":"if","locations":[{"start":{"line":180,"column":6},"end":{"line":180,"column":6}},{"start":{"line":180,"column":6},"end":{"line":180,"column":6}}]}}}}