{"/Users/thomastiercelin/nodebjectify/lib/index.js":{"path":"/Users/thomastiercelin/nodebjectify/lib/index.js","s":{"1":1,"2":2,"3":2,"4":2,"5":2,"6":2,"7":2,"8":2,"9":2,"10":2,"11":2,"12":2,"13":2,"14":2,"15":1,"16":6,"17":2,"18":6,"19":1},"b":{"1":[2,1],"2":[2,1],"3":[2,1],"4":[2,1],"5":[2,1],"6":[2,1],"7":[2,1],"8":[2,4]},"f":{"1":2,"2":6},"fnMap":{"1":{"name":"Nodebjectify","line":3,"loc":{"start":{"line":3,"column":0},"end":{"line":3,"column":31}}},"2":{"name":"(anonymous_2)","line":27,"loc":{"start":{"line":27,"column":27},"end":{"line":27,"column":45}}}},"statementMap":{"1":{"start":{"line":3,"column":0},"end":{"line":25,"column":1}},"2":{"start":{"line":4,"column":2},"end":{"line":4,"column":51}},"3":{"start":{"line":6,"column":2},"end":{"line":6,"column":63}},"4":{"start":{"line":7,"column":2},"end":{"line":7,"column":51}},"5":{"start":{"line":8,"column":2},"end":{"line":8,"column":82}},"6":{"start":{"line":9,"column":2},"end":{"line":9,"column":98}},"7":{"start":{"line":11,"column":2},"end":{"line":11,"column":60}},"8":{"start":{"line":12,"column":2},"end":{"line":12,"column":87}},"9":{"start":{"line":13,"column":2},"end":{"line":13,"column":84}},"10":{"start":{"line":16,"column":2},"end":{"line":18,"column":4}},"11":{"start":{"line":20,"column":2},"end":{"line":20,"column":65}},"12":{"start":{"line":21,"column":2},"end":{"line":21,"column":53}},"13":{"start":{"line":22,"column":2},"end":{"line":22,"column":34}},"14":{"start":{"line":24,"column":2},"end":{"line":24,"column":14}},"15":{"start":{"line":27,"column":0},"end":{"line":32,"column":2}},"16":{"start":{"line":28,"column":2},"end":{"line":30,"column":3}},"17":{"start":{"line":29,"column":4},"end":{"line":29,"column":54}},"18":{"start":{"line":31,"column":2},"end":{"line":31,"column":31}},"19":{"start":{"line":35,"column":0},"end":{"line":35,"column":42}}},"branchMap":{"1":{"line":4,"type":"binary-expr","locations":[{"start":{"line":4,"column":12},"end":{"line":4,"column":19}},{"start":{"line":4,"column":23},"end":{"line":4,"column":50}}]},"2":{"line":6,"type":"binary-expr","locations":[{"start":{"line":6,"column":26},"end":{"line":6,"column":47}},{"start":{"line":6,"column":51},"end":{"line":6,"column":62}}]},"3":{"line":7,"type":"binary-expr","locations":[{"start":{"line":7,"column":23},"end":{"line":7,"column":41}},{"start":{"line":7,"column":45},"end":{"line":7,"column":50}}]},"4":{"line":8,"type":"binary-expr","locations":[{"start":{"line":8,"column":34},"end":{"line":8,"column":63}},{"start":{"line":8,"column":67},"end":{"line":8,"column":81}}]},"5":{"line":9,"type":"binary-expr","locations":[{"start":{"line":9,"column":48},"end":{"line":9,"column":91}},{"start":{"line":9,"column":95},"end":{"line":9,"column":97}}]},"6":{"line":12,"type":"binary-expr","locations":[{"start":{"line":12,"column":38},"end":{"line":12,"column":71}},{"start":{"line":12,"column":75},"end":{"line":12,"column":86}}]},"7":{"line":13,"type":"binary-expr","locations":[{"start":{"line":13,"column":34},"end":{"line":13,"column":63}},{"start":{"line":13,"column":67},"end":{"line":13,"column":83}}]},"8":{"line":28,"type":"if","locations":[{"start":{"line":28,"column":2},"end":{"line":28,"column":2}},{"start":{"line":28,"column":2},"end":{"line":28,"column":2}}]}}},"/Users/thomastiercelin/nodebjectify/lib/datastore.js":{"path":"/Users/thomastiercelin/nodebjectify/lib/datastore.js","s":{"1":1,"2":1,"3":1,"4":0,"5":1,"6":0,"7":1,"8":1,"9":1,"10":1,"11":1,"12":1,"13":0,"14":1,"15":78,"16":0,"17":78,"18":78,"19":65,"20":78,"21":1,"22":27,"23":27,"24":27,"25":27,"26":0,"27":27,"28":14,"29":13,"30":13,"31":27,"32":1,"33":14,"34":14,"35":14,"36":14,"37":0,"38":14,"39":14,"40":1,"41":37,"42":37,"43":37,"44":37,"45":140,"46":24,"47":116,"48":37,"49":37,"50":0,"51":37,"52":37,"53":37,"54":1,"55":1,"56":1,"57":1,"58":1,"59":1,"60":1,"61":1,"62":2,"63":1,"64":2,"65":1},"b":{"1":[0,1],"2":[0,1],"3":[0,78],"4":[65,13],"5":[0,27],"6":[14,13],"7":[0,14],"8":[24,116],"9":[0,37],"10":[1,1]},"f":{"1":1,"2":0,"3":78,"4":27,"5":27,"6":14,"7":14,"8":37,"9":140,"10":37,"11":2},"fnMap":{"1":{"name":"Datastore","line":5,"loc":{"start":{"line":5,"column":0},"end":{"line":5,"column":28}}},"2":{"name":"getNamespace","line":29,"loc":{"start":{"line":29,"column":2},"end":{"line":29,"column":26}}},"3":{"name":"getKey","line":33,"loc":{"start":{"line":33,"column":2},"end":{"line":33,"column":28}}},"4":{"name":"get","line":47,"loc":{"start":{"line":47,"column":2},"end":{"line":47,"column":25}}},"5":{"name":"(anonymous_5)","line":51,"loc":{"start":{"line":51,"column":23},"end":{"line":51,"column":45}}},"6":{"name":"del","line":68,"loc":{"start":{"line":68,"column":2},"end":{"line":68,"column":25}}},"7":{"name":"(anonymous_7)","line":72,"loc":{"start":{"line":72,"column":26},"end":{"line":72,"column":40}}},"8":{"name":"save","line":84,"loc":{"start":{"line":84,"column":2},"end":{"line":84,"column":30}}},"9":{"name":"(anonymous_9)","line":91,"loc":{"start":{"line":91,"column":32},"end":{"line":91,"column":45}}},"10":{"name":"(anonymous_10)","line":101,"loc":{"start":{"line":101,"column":7},"end":{"line":101,"column":21}}},"11":{"name":"getInstance","line":131,"loc":{"start":{"line":131,"column":0},"end":{"line":131,"column":30}}}},"statementMap":{"1":{"start":{"line":3,"column":0},"end":{"line":3,"column":23}},"2":{"start":{"line":5,"column":0},"end":{"line":128,"column":1}},"3":{"start":{"line":6,"column":2},"end":{"line":8,"column":3}},"4":{"start":{"line":7,"column":4},"end":{"line":7,"column":99}},"5":{"start":{"line":9,"column":2},"end":{"line":11,"column":3}},"6":{"start":{"line":10,"column":4},"end":{"line":10,"column":102}},"7":{"start":{"line":12,"column":2},"end":{"line":12,"column":16}},"8":{"start":{"line":14,"column":2},"end":{"line":16,"column":4}},"9":{"start":{"line":18,"column":2},"end":{"line":18,"column":43}},"10":{"start":{"line":20,"column":2},"end":{"line":20,"column":47}},"11":{"start":{"line":21,"column":2},"end":{"line":24,"column":5}},"12":{"start":{"line":29,"column":2},"end":{"line":31,"column":3}},"13":{"start":{"line":30,"column":4},"end":{"line":30,"column":26}},"14":{"start":{"line":33,"column":2},"end":{"line":45,"column":3}},"15":{"start":{"line":34,"column":4},"end":{"line":36,"column":5}},"16":{"start":{"line":35,"column":6},"end":{"line":35,"column":59}},"17":{"start":{"line":37,"column":4},"end":{"line":37,"column":22}},"18":{"start":{"line":38,"column":4},"end":{"line":40,"column":5}},"19":{"start":{"line":39,"column":6},"end":{"line":39,"column":19}},"20":{"start":{"line":41,"column":4},"end":{"line":44,"column":7}},"21":{"start":{"line":47,"column":2},"end":{"line":66,"column":3}},"22":{"start":{"line":48,"column":4},"end":{"line":48,"column":29}},"23":{"start":{"line":49,"column":4},"end":{"line":49,"column":31}},"24":{"start":{"line":51,"column":4},"end":{"line":63,"column":7}},"25":{"start":{"line":52,"column":6},"end":{"line":62,"column":7}},"26":{"start":{"line":53,"column":8},"end":{"line":53,"column":40}},"27":{"start":{"line":56,"column":8},"end":{"line":58,"column":9}},"28":{"start":{"line":57,"column":10},"end":{"line":57,"column":36}},"29":{"start":{"line":60,"column":8},"end":{"line":60,"column":39}},"30":{"start":{"line":61,"column":8},"end":{"line":61,"column":38}},"31":{"start":{"line":65,"column":4},"end":{"line":65,"column":28}},"32":{"start":{"line":68,"column":2},"end":{"line":82,"column":3}},"33":{"start":{"line":69,"column":4},"end":{"line":69,"column":29}},"34":{"start":{"line":70,"column":4},"end":{"line":70,"column":31}},"35":{"start":{"line":72,"column":4},"end":{"line":80,"column":7}},"36":{"start":{"line":74,"column":6},"end":{"line":79,"column":7}},"37":{"start":{"line":75,"column":8},"end":{"line":75,"column":40}},"38":{"start":{"line":78,"column":8},"end":{"line":78,"column":46}},"39":{"start":{"line":81,"column":4},"end":{"line":81,"column":28}},"40":{"start":{"line":84,"column":2},"end":{"line":116,"column":3}},"41":{"start":{"line":85,"column":4},"end":{"line":85,"column":29}},"42":{"start":{"line":86,"column":4},"end":{"line":86,"column":38}},"43":{"start":{"line":90,"column":4},"end":{"line":90,"column":20}},"44":{"start":{"line":91,"column":4},"end":{"line":96,"column":7}},"45":{"start":{"line":92,"column":6},"end":{"line":94,"column":7}},"46":{"start":{"line":93,"column":8},"end":{"line":93,"column":15}},"47":{"start":{"line":95,"column":6},"end":{"line":95,"column":32}},"48":{"start":{"line":98,"column":4},"end":{"line":113,"column":7}},"49":{"start":{"line":104,"column":6},"end":{"line":112,"column":7}},"50":{"start":{"line":106,"column":8},"end":{"line":106,"column":40}},"51":{"start":{"line":110,"column":8},"end":{"line":110,"column":27}},"52":{"start":{"line":111,"column":8},"end":{"line":111,"column":33}},"53":{"start":{"line":115,"column":4},"end":{"line":115,"column":28}},"54":{"start":{"line":118,"column":2},"end":{"line":118,"column":35}},"55":{"start":{"line":119,"column":2},"end":{"line":119,"column":23}},"56":{"start":{"line":121,"column":2},"end":{"line":121,"column":17}},"57":{"start":{"line":122,"column":2},"end":{"line":122,"column":17}},"58":{"start":{"line":123,"column":2},"end":{"line":123,"column":19}},"59":{"start":{"line":126,"column":2},"end":{"line":126,"column":14}},"60":{"start":{"line":130,"column":0},"end":{"line":130,"column":26}},"61":{"start":{"line":131,"column":0},"end":{"line":136,"column":1}},"62":{"start":{"line":132,"column":2},"end":{"line":134,"column":3}},"63":{"start":{"line":133,"column":4},"end":{"line":133,"column":48}},"64":{"start":{"line":135,"column":2},"end":{"line":135,"column":28}},"65":{"start":{"line":138,"column":0},"end":{"line":138,"column":39}}},"branchMap":{"1":{"line":6,"type":"if","locations":[{"start":{"line":6,"column":2},"end":{"line":6,"column":2}},{"start":{"line":6,"column":2},"end":{"line":6,"column":2}}]},"2":{"line":9,"type":"if","locations":[{"start":{"line":9,"column":2},"end":{"line":9,"column":2}},{"start":{"line":9,"column":2},"end":{"line":9,"column":2}}]},"3":{"line":34,"type":"if","locations":[{"start":{"line":34,"column":4},"end":{"line":34,"column":4}},{"start":{"line":34,"column":4},"end":{"line":34,"column":4}}]},"4":{"line":38,"type":"if","locations":[{"start":{"line":38,"column":4},"end":{"line":38,"column":4}},{"start":{"line":38,"column":4},"end":{"line":38,"column":4}}]},"5":{"line":52,"type":"if","locations":[{"start":{"line":52,"column":6},"end":{"line":52,"column":6}},{"start":{"line":52,"column":6},"end":{"line":52,"column":6}}]},"6":{"line":56,"type":"if","locations":[{"start":{"line":56,"column":8},"end":{"line":56,"column":8}},{"start":{"line":56,"column":8},"end":{"line":56,"column":8}}]},"7":{"line":74,"type":"if","locations":[{"start":{"line":74,"column":6},"end":{"line":74,"column":6}},{"start":{"line":74,"column":6},"end":{"line":74,"column":6}}]},"8":{"line":92,"type":"if","locations":[{"start":{"line":92,"column":6},"end":{"line":92,"column":6}},{"start":{"line":92,"column":6},"end":{"line":92,"column":6}}]},"9":{"line":104,"type":"if","locations":[{"start":{"line":104,"column":6},"end":{"line":104,"column":6}},{"start":{"line":104,"column":6},"end":{"line":104,"column":6}}]},"10":{"line":132,"type":"if","locations":[{"start":{"line":132,"column":2},"end":{"line":132,"column":2}},{"start":{"line":132,"column":2},"end":{"line":132,"column":2}}]}}},"/Users/thomastiercelin/nodebjectify/lib/cache.js":{"path":"/Users/thomastiercelin/nodebjectify/lib/cache.js","s":{"1":1,"2":1,"3":1,"4":1,"5":0,"6":1,"7":0,"8":1,"9":1,"10":1,"11":1,"12":4,"13":1,"14":1,"15":2,"16":1,"17":2,"18":2,"19":1,"20":95,"21":93,"22":2,"23":1,"24":36,"25":36,"26":36,"27":36,"28":0,"29":36,"30":36,"31":1,"32":34,"33":1,"34":34,"35":34,"36":34,"37":0,"38":0,"39":34,"40":34,"41":1,"42":21,"43":1,"44":21,"45":21,"46":21,"47":0,"48":0,"49":21,"50":21,"51":1,"52":1,"53":1,"54":1,"55":1,"56":1,"57":1,"58":1,"59":1,"60":3,"61":1,"62":3,"63":1},"b":{"1":[0,1],"2":[0,1],"3":[1,1],"4":[93,2],"5":[36,30],"6":[0,36],"7":[1,33],"8":[0,34],"9":[1,20],"10":[0,21],"11":[1,2]},"f":{"1":1,"2":4,"3":2,"4":95,"5":36,"6":36,"7":34,"8":34,"9":21,"10":21,"11":3},"fnMap":{"1":{"name":"(anonymous_1)","line":6,"loc":{"start":{"line":6,"column":12},"end":{"line":6,"column":30}}},"2":{"name":"(anonymous_2)","line":19,"loc":{"start":{"line":19,"column":31},"end":{"line":19,"column":44}}},"3":{"name":"reset","line":25,"loc":{"start":{"line":25,"column":2},"end":{"line":25,"column":22}}},"4":{"name":"getCacheName","line":33,"loc":{"start":{"line":33,"column":2},"end":{"line":33,"column":29}}},"5":{"name":"set","line":42,"loc":{"start":{"line":42,"column":2},"end":{"line":42,"column":37}}},"6":{"name":"(anonymous_6)","line":46,"loc":{"start":{"line":46,"column":59},"end":{"line":46,"column":74}}},"7":{"name":"get","line":58,"loc":{"start":{"line":58,"column":2},"end":{"line":58,"column":20}}},"8":{"name":"(anonymous_8)","line":63,"loc":{"start":{"line":63,"column":42},"end":{"line":63,"column":63}}},"9":{"name":"del","line":76,"loc":{"start":{"line":76,"column":2},"end":{"line":76,"column":20}}},"10":{"name":"(anonymous_10)","line":81,"loc":{"start":{"line":81,"column":42},"end":{"line":81,"column":63}}},"11":{"name":"getInstance","line":105,"loc":{"start":{"line":105,"column":0},"end":{"line":105,"column":30}}}},"statementMap":{"1":{"start":{"line":3,"column":0},"end":{"line":3,"column":23}},"2":{"start":{"line":4,"column":0},"end":{"line":4,"column":39}},"3":{"start":{"line":6,"column":0},"end":{"line":102,"column":2}},"4":{"start":{"line":7,"column":2},"end":{"line":9,"column":3}},"5":{"start":{"line":8,"column":4},"end":{"line":8,"column":95}},"6":{"start":{"line":10,"column":2},"end":{"line":12,"column":3}},"7":{"start":{"line":11,"column":4},"end":{"line":11,"column":17}},"8":{"start":{"line":14,"column":2},"end":{"line":14,"column":36}},"9":{"start":{"line":15,"column":2},"end":{"line":15,"column":30}},"10":{"start":{"line":17,"column":2},"end":{"line":17,"column":16}},"11":{"start":{"line":19,"column":2},"end":{"line":21,"column":5}},"12":{"start":{"line":20,"column":4},"end":{"line":20,"column":29}},"13":{"start":{"line":23,"column":2},"end":{"line":23,"column":71}},"14":{"start":{"line":25,"column":2},"end":{"line":31,"column":3}},"15":{"start":{"line":26,"column":4},"end":{"line":28,"column":5}},"16":{"start":{"line":27,"column":6},"end":{"line":27,"column":20}},"17":{"start":{"line":29,"column":4},"end":{"line":29,"column":79}},"18":{"start":{"line":30,"column":4},"end":{"line":30,"column":51}},"19":{"start":{"line":33,"column":2},"end":{"line":40,"column":3}},"20":{"start":{"line":34,"column":4},"end":{"line":39,"column":5}},"21":{"start":{"line":35,"column":6},"end":{"line":35,"column":42}},"22":{"start":{"line":38,"column":6},"end":{"line":38,"column":17}},"23":{"start":{"line":42,"column":2},"end":{"line":56,"column":3}},"24":{"start":{"line":44,"column":4},"end":{"line":44,"column":62}},"25":{"start":{"line":45,"column":4},"end":{"line":45,"column":29}},"26":{"start":{"line":46,"column":4},"end":{"line":54,"column":7}},"27":{"start":{"line":48,"column":6},"end":{"line":53,"column":7}},"28":{"start":{"line":49,"column":8},"end":{"line":49,"column":40}},"29":{"start":{"line":52,"column":8},"end":{"line":52,"column":31}},"30":{"start":{"line":55,"column":4},"end":{"line":55,"column":28}},"31":{"start":{"line":58,"column":2},"end":{"line":74,"column":3}},"32":{"start":{"line":59,"column":4},"end":{"line":61,"column":5}},"33":{"start":{"line":60,"column":6},"end":{"line":60,"column":65}},"34":{"start":{"line":62,"column":4},"end":{"line":62,"column":29}},"35":{"start":{"line":63,"column":4},"end":{"line":72,"column":7}},"36":{"start":{"line":65,"column":6},"end":{"line":71,"column":7}},"37":{"start":{"line":66,"column":8},"end":{"line":66,"column":25}},"38":{"start":{"line":67,"column":8},"end":{"line":67,"column":40}},"39":{"start":{"line":70,"column":8},"end":{"line":70,"column":31}},"40":{"start":{"line":73,"column":4},"end":{"line":73,"column":28}},"41":{"start":{"line":76,"column":2},"end":{"line":91,"column":3}},"42":{"start":{"line":77,"column":4},"end":{"line":79,"column":5}},"43":{"start":{"line":78,"column":6},"end":{"line":78,"column":65}},"44":{"start":{"line":80,"column":4},"end":{"line":80,"column":29}},"45":{"start":{"line":81,"column":4},"end":{"line":89,"column":7}},"46":{"start":{"line":82,"column":6},"end":{"line":88,"column":7}},"47":{"start":{"line":83,"column":8},"end":{"line":83,"column":25}},"48":{"start":{"line":84,"column":8},"end":{"line":84,"column":40}},"49":{"start":{"line":87,"column":8},"end":{"line":87,"column":31}},"50":{"start":{"line":90,"column":4},"end":{"line":90,"column":28}},"51":{"start":{"line":93,"column":2},"end":{"line":93,"column":21}},"52":{"start":{"line":94,"column":2},"end":{"line":94,"column":35}},"53":{"start":{"line":95,"column":2},"end":{"line":95,"column":17}},"54":{"start":{"line":96,"column":2},"end":{"line":96,"column":17}},"55":{"start":{"line":97,"column":2},"end":{"line":97,"column":17}},"56":{"start":{"line":99,"column":2},"end":{"line":99,"column":17}},"57":{"start":{"line":101,"column":2},"end":{"line":101,"column":14}},"58":{"start":{"line":104,"column":0},"end":{"line":104,"column":22}},"59":{"start":{"line":105,"column":0},"end":{"line":110,"column":1}},"60":{"start":{"line":106,"column":2},"end":{"line":108,"column":3}},"61":{"start":{"line":107,"column":4},"end":{"line":107,"column":40}},"62":{"start":{"line":109,"column":2},"end":{"line":109,"column":24}},"63":{"start":{"line":112,"column":0},"end":{"line":112,"column":39}}},"branchMap":{"1":{"line":7,"type":"if","locations":[{"start":{"line":7,"column":2},"end":{"line":7,"column":2}},{"start":{"line":7,"column":2},"end":{"line":7,"column":2}}]},"2":{"line":10,"type":"if","locations":[{"start":{"line":10,"column":2},"end":{"line":10,"column":2}},{"start":{"line":10,"column":2},"end":{"line":10,"column":2}}]},"3":{"line":26,"type":"if","locations":[{"start":{"line":26,"column":4},"end":{"line":26,"column":4}},{"start":{"line":26,"column":4},"end":{"line":26,"column":4}}]},"4":{"line":34,"type":"if","locations":[{"start":{"line":34,"column":4},"end":{"line":34,"column":4}},{"start":{"line":34,"column":4},"end":{"line":34,"column":4}}]},"5":{"line":44,"type":"binary-expr","locations":[{"start":{"line":44,"column":15},"end":{"line":44,"column":23}},{"start":{"line":44,"column":27},"end":{"line":44,"column":61}}]},"6":{"line":48,"type":"if","locations":[{"start":{"line":48,"column":6},"end":{"line":48,"column":6}},{"start":{"line":48,"column":6},"end":{"line":48,"column":6}}]},"7":{"line":59,"type":"if","locations":[{"start":{"line":59,"column":4},"end":{"line":59,"column":4}},{"start":{"line":59,"column":4},"end":{"line":59,"column":4}}]},"8":{"line":65,"type":"if","locations":[{"start":{"line":65,"column":6},"end":{"line":65,"column":6}},{"start":{"line":65,"column":6},"end":{"line":65,"column":6}}]},"9":{"line":77,"type":"if","locations":[{"start":{"line":77,"column":4},"end":{"line":77,"column":4}},{"start":{"line":77,"column":4},"end":{"line":77,"column":4}}]},"10":{"line":82,"type":"if","locations":[{"start":{"line":82,"column":6},"end":{"line":82,"column":6}},{"start":{"line":82,"column":6},"end":{"line":82,"column":6}}]},"11":{"line":106,"type":"if","locations":[{"start":{"line":106,"column":2},"end":{"line":106,"column":2}},{"start":{"line":106,"column":2},"end":{"line":106,"column":2}}]}}},"/Users/thomastiercelin/nodebjectify/lib/model.js":{"path":"/Users/thomastiercelin/nodebjectify/lib/model.js","s":{"1":1,"2":1,"3":1,"4":1,"5":84,"6":66,"7":66,"8":66,"9":189,"10":66,"11":39,"12":156,"13":15,"14":15,"15":15,"16":15,"17":15,"18":15,"19":6,"20":9,"21":9,"22":3,"23":9,"24":0,"25":0,"26":15,"27":9,"28":9,"29":9,"30":9,"31":9,"32":9,"33":9,"34":0,"35":9,"36":18,"37":18,"38":18,"39":18,"40":18,"41":18,"42":18,"43":18,"44":12,"45":18,"46":18,"47":6,"48":18,"49":0,"50":18,"51":3,"52":24,"53":24,"54":24,"55":24,"56":12,"57":12,"58":24,"59":12,"60":33,"61":3,"62":84,"63":30,"64":30,"65":30,"66":30,"67":15,"68":15,"69":30,"70":18,"71":33,"72":3,"73":1},"b":{"1":[66,3],"2":[39,27],"3":[6,9],"4":[3,6],"5":[18,6],"6":[12,6],"7":[6,12],"8":[12,12],"9":[15,15]},"f":{"1":84,"2":66,"3":189,"4":156,"5":15,"6":15,"7":9,"8":9,"9":18,"10":18,"11":3,"12":24,"13":24,"14":12,"15":33,"16":3,"17":84,"18":30,"19":30,"20":18,"21":33,"22":3},"fnMap":{"1":{"name":"generateCacheName","line":7,"loc":{"start":{"line":7,"column":0},"end":{"line":7,"column":37}}},"2":{"name":"(anonymous_2)","line":13,"loc":{"start":{"line":13,"column":13},"end":{"line":13,"column":20}}},"3":{"name":"(anonymous_3)","line":16,"loc":{"start":{"line":16,"column":30},"end":{"line":16,"column":43}}},"4":{"name":"(anonymous_4)","line":26,"loc":{"start":{"line":26,"column":16},"end":{"line":26,"column":19}}},"5":{"name":"(anonymous_5)","line":31,"loc":{"start":{"line":31,"column":12},"end":{"line":31,"column":17}}},"6":{"name":"(anonymous_6)","line":36,"loc":{"start":{"line":36,"column":12},"end":{"line":36,"column":25}}},"7":{"name":"(anonymous_7)","line":60,"loc":{"start":{"line":60,"column":12},"end":{"line":60,"column":17}}},"8":{"name":"(anonymous_8)","line":64,"loc":{"start":{"line":64,"column":12},"end":{"line":64,"column":25}}},"9":{"name":"(anonymous_9)","line":79,"loc":{"start":{"line":79,"column":6},"end":{"line":79,"column":9}}},"10":{"name":"(anonymous_10)","line":83,"loc":{"start":{"line":83,"column":12},"end":{"line":83,"column":25}}},"11":{"name":"(anonymous_11)","line":110,"loc":{"start":{"line":110,"column":5},"end":{"line":110,"column":8}}},"12":{"name":"(anonymous_12)","line":117,"loc":{"start":{"line":117,"column":25},"end":{"line":117,"column":30}}},"13":{"name":"(anonymous_13)","line":120,"loc":{"start":{"line":120,"column":43},"end":{"line":120,"column":58}}},"14":{"name":"(anonymous_14)","line":129,"loc":{"start":{"line":129,"column":25},"end":{"line":129,"column":30}}},"15":{"name":"(anonymous_15)","line":134,"loc":{"start":{"line":134,"column":16},"end":{"line":134,"column":19}}},"16":{"name":"(anonymous_16)","line":138,"loc":{"start":{"line":138,"column":18},"end":{"line":138,"column":21}}},"17":{"name":"(anonymous_17)","line":145,"loc":{"start":{"line":145,"column":21},"end":{"line":145,"column":26}}},"18":{"name":"(anonymous_18)","line":149,"loc":{"start":{"line":149,"column":21},"end":{"line":149,"column":26}}},"19":{"name":"(anonymous_19)","line":152,"loc":{"start":{"line":152,"column":42},"end":{"line":152,"column":57}}},"20":{"name":"(anonymous_20)","line":162,"loc":{"start":{"line":162,"column":21},"end":{"line":162,"column":26}}},"21":{"name":"(anonymous_21)","line":166,"loc":{"start":{"line":166,"column":12},"end":{"line":166,"column":23}}},"22":{"name":"(anonymous_22)","line":172,"loc":{"start":{"line":172,"column":14},"end":{"line":172,"column":17}}}},"statementMap":{"1":{"start":{"line":3,"column":0},"end":{"line":3,"column":49}},"2":{"start":{"line":4,"column":0},"end":{"line":4,"column":35}},"3":{"start":{"line":5,"column":0},"end":{"line":5,"column":23}},"4":{"start":{"line":7,"column":0},"end":{"line":9,"column":1}},"5":{"start":{"line":8,"column":2},"end":{"line":8,"column":21}},"6":{"start":{"line":14,"column":4},"end":{"line":14,"column":22}},"7":{"start":{"line":15,"column":4},"end":{"line":15,"column":21}},"8":{"start":{"line":16,"column":4},"end":{"line":18,"column":7}},"9":{"start":{"line":17,"column":6},"end":{"line":17,"column":29}},"10":{"start":{"line":19,"column":4},"end":{"line":21,"column":5}},"11":{"start":{"line":20,"column":6},"end":{"line":20,"column":34}},"12":{"start":{"line":27,"column":4},"end":{"line":27,"column":43}},"13":{"start":{"line":33,"column":4},"end":{"line":33,"column":21}},"14":{"start":{"line":34,"column":4},"end":{"line":34,"column":29}},"15":{"start":{"line":36,"column":4},"end":{"line":56,"column":7}},"16":{"start":{"line":37,"column":6},"end":{"line":55,"column":7}},"17":{"start":{"line":39,"column":8},"end":{"line":39,"column":49}},"18":{"start":{"line":41,"column":8},"end":{"line":44,"column":9}},"19":{"start":{"line":43,"column":10},"end":{"line":43,"column":41}},"20":{"start":{"line":46,"column":8},"end":{"line":46,"column":49}},"21":{"start":{"line":47,"column":8},"end":{"line":49,"column":9}},"22":{"start":{"line":48,"column":10},"end":{"line":48,"column":35}},"23":{"start":{"line":50,"column":8},"end":{"line":50,"column":32}},"24":{"start":{"line":53,"column":8},"end":{"line":53,"column":45}},"25":{"start":{"line":54,"column":8},"end":{"line":54,"column":40}},"26":{"start":{"line":58,"column":4},"end":{"line":58,"column":28}},"27":{"start":{"line":61,"column":4},"end":{"line":61,"column":21}},"28":{"start":{"line":62,"column":4},"end":{"line":62,"column":29}},"29":{"start":{"line":64,"column":4},"end":{"line":75,"column":7}},"30":{"start":{"line":65,"column":6},"end":{"line":74,"column":7}},"31":{"start":{"line":66,"column":8},"end":{"line":66,"column":37}},"32":{"start":{"line":68,"column":8},"end":{"line":68,"column":52}},"33":{"start":{"line":70,"column":8},"end":{"line":70,"column":31}},"34":{"start":{"line":73,"column":8},"end":{"line":73,"column":40}},"35":{"start":{"line":77,"column":4},"end":{"line":77,"column":28}},"36":{"start":{"line":80,"column":4},"end":{"line":80,"column":21}},"37":{"start":{"line":81,"column":4},"end":{"line":81,"column":29}},"38":{"start":{"line":83,"column":4},"end":{"line":106,"column":7}},"39":{"start":{"line":84,"column":6},"end":{"line":105,"column":7}},"40":{"start":{"line":85,"column":8},"end":{"line":85,"column":37}},"41":{"start":{"line":86,"column":8},"end":{"line":86,"column":25}},"42":{"start":{"line":88,"column":8},"end":{"line":88,"column":85}},"43":{"start":{"line":91,"column":8},"end":{"line":93,"column":9}},"44":{"start":{"line":92,"column":12},"end":{"line":92,"column":37}},"45":{"start":{"line":95,"column":8},"end":{"line":95,"column":45}},"46":{"start":{"line":97,"column":8},"end":{"line":99,"column":9}},"47":{"start":{"line":98,"column":12},"end":{"line":98,"column":37}},"48":{"start":{"line":101,"column":8},"end":{"line":101,"column":32}},"49":{"start":{"line":104,"column":8},"end":{"line":104,"column":40}},"50":{"start":{"line":108,"column":4},"end":{"line":108,"column":28}},"51":{"start":{"line":112,"column":4},"end":{"line":112,"column":41}},"52":{"start":{"line":118,"column":4},"end":{"line":118,"column":21}},"53":{"start":{"line":119,"column":4},"end":{"line":119,"column":29}},"54":{"start":{"line":120,"column":4},"end":{"line":125,"column":7}},"55":{"start":{"line":121,"column":6},"end":{"line":123,"column":7}},"56":{"start":{"line":122,"column":8},"end":{"line":122,"column":34}},"57":{"start":{"line":124,"column":6},"end":{"line":124,"column":65}},"58":{"start":{"line":126,"column":4},"end":{"line":126,"column":28}},"59":{"start":{"line":131,"column":4},"end":{"line":131,"column":45}},"60":{"start":{"line":135,"column":4},"end":{"line":135,"column":60}},"61":{"start":{"line":140,"column":4},"end":{"line":140,"column":54}},"62":{"start":{"line":146,"column":4},"end":{"line":146,"column":48}},"63":{"start":{"line":150,"column":4},"end":{"line":150,"column":21}},"64":{"start":{"line":151,"column":4},"end":{"line":151,"column":29}},"65":{"start":{"line":152,"column":4},"end":{"line":158,"column":7}},"66":{"start":{"line":154,"column":6},"end":{"line":156,"column":7}},"67":{"start":{"line":155,"column":8},"end":{"line":155,"column":34}},"68":{"start":{"line":157,"column":6},"end":{"line":157,"column":65}},"69":{"start":{"line":159,"column":4},"end":{"line":159,"column":28}},"70":{"start":{"line":163,"column":4},"end":{"line":163,"column":44}},"71":{"start":{"line":169,"column":4},"end":{"line":169,"column":77}},"72":{"start":{"line":173,"column":4},"end":{"line":173,"column":50}},"73":{"start":{"line":178,"column":0},"end":{"line":178,"column":23}}},"branchMap":{"1":{"line":14,"type":"binary-expr","locations":[{"start":{"line":14,"column":11},"end":{"line":14,"column":15}},{"start":{"line":14,"column":19},"end":{"line":14,"column":21}}]},"2":{"line":19,"type":"if","locations":[{"start":{"line":19,"column":4},"end":{"line":19,"column":4}},{"start":{"line":19,"column":4},"end":{"line":19,"column":4}}]},"3":{"line":41,"type":"if","locations":[{"start":{"line":41,"column":8},"end":{"line":41,"column":8}},{"start":{"line":41,"column":8},"end":{"line":41,"column":8}}]},"4":{"line":47,"type":"if","locations":[{"start":{"line":47,"column":8},"end":{"line":47,"column":8}},{"start":{"line":47,"column":8},"end":{"line":47,"column":8}}]},"5":{"line":88,"type":"binary-expr","locations":[{"start":{"line":88,"column":21},"end":{"line":88,"column":49}},{"start":{"line":88,"column":55},"end":{"line":88,"column":83}}]},"6":{"line":91,"type":"if","locations":[{"start":{"line":91,"column":8},"end":{"line":91,"column":8}},{"start":{"line":91,"column":8},"end":{"line":91,"column":8}}]},"7":{"line":97,"type":"if","locations":[{"start":{"line":97,"column":8},"end":{"line":97,"column":8}},{"start":{"line":97,"column":8},"end":{"line":97,"column":8}}]},"8":{"line":121,"type":"if","locations":[{"start":{"line":121,"column":6},"end":{"line":121,"column":6}},{"start":{"line":121,"column":6},"end":{"line":121,"column":6}}]},"9":{"line":154,"type":"if","locations":[{"start":{"line":154,"column":6},"end":{"line":154,"column":6}},{"start":{"line":154,"column":6},"end":{"line":154,"column":6}}]}}}}