TN:
SF:/Users/thomastiercelin/nodebjectify/lib/index.js
FN:3,Nodebjectify
FN:27,(anonymous_2)
FNF:2
FNH:2
FNDA:2,Nodebjectify
FNDA:6,(anonymous_2)
DA:3,1
DA:4,2
DA:6,2
DA:7,2
DA:8,2
DA:9,2
DA:11,2
DA:12,2
DA:13,2
DA:16,2
DA:20,2
DA:21,2
DA:22,2
DA:24,2
DA:27,1
DA:28,6
DA:29,2
DA:31,6
DA:35,1
LF:19
LH:19
BRDA:4,1,0,2
BRDA:4,1,1,1
BRDA:6,2,0,2
BRDA:6,2,1,1
BRDA:7,3,0,2
BRDA:7,3,1,1
BRDA:8,4,0,2
BRDA:8,4,1,1
BRDA:9,5,0,2
BRDA:9,5,1,1
BRDA:12,6,0,2
BRDA:12,6,1,1
BRDA:28,7,0,2
BRDA:28,7,1,4
BRF:14
BRH:14
end_of_record
TN:
SF:/Users/thomastiercelin/nodebjectify/lib/datastore.js
FN:5,Datastore
FN:29,getNamespace
FN:33,createQuery
FN:37,runQuery
FN:41,(anonymous_5)
FN:48,(anonymous_6)
FN:62,getKey
FN:76,get
FN:80,(anonymous_9)
FN:97,del
FN:101,(anonymous_11)
FN:111,save
FN:118,(anonymous_13)
FN:128,(anonymous_14)
FN:163,getInstance
FNF:15
FNH:14
FNDA:1,Datastore
FNDA:0,getNamespace
FNDA:10,createQuery
FNDA:5,runQuery
FNDA:5,(anonymous_5)
FNDA:142,(anonymous_6)
FNDA:100,getKey
FNDA:27,get
FNDA:27,(anonymous_9)
FNDA:14,del
FNDA:14,(anonymous_11)
FNDA:59,save
FNDA:208,(anonymous_13)
FNDA:59,(anonymous_14)
FNDA:2,getInstance
DA:3,1
DA:5,1
DA:6,1
DA:7,0
DA:9,1
DA:10,0
DA:12,1
DA:14,1
DA:18,1
DA:20,1
DA:21,1
DA:22,1
DA:29,1
DA:30,0
DA:33,1
DA:34,10
DA:37,1
DA:39,5
DA:41,5
DA:43,5
DA:44,0
DA:46,5
DA:48,5
DA:49,142
DA:50,142
DA:53,5
DA:59,5
DA:62,1
DA:63,100
DA:64,0
DA:66,100
DA:67,100
DA:68,65
DA:70,100
DA:76,1
DA:77,27
DA:78,27
DA:80,27
DA:81,27
DA:82,0
DA:85,27
DA:86,14
DA:89,13
DA:90,13
DA:94,27
DA:97,1
DA:98,14
DA:99,14
DA:101,14
DA:103,14
DA:104,0
DA:106,14
DA:108,14
DA:111,1
DA:112,59
DA:113,59
DA:117,59
DA:118,59
DA:119,208
DA:120,24
DA:122,184
DA:125,59
DA:131,59
DA:133,0
DA:137,59
DA:138,59
DA:142,59
DA:145,1
DA:146,1
DA:148,1
DA:149,1
DA:150,1
DA:152,1
DA:153,1
DA:156,1
DA:158,1
DA:162,1
DA:163,1
DA:164,2
DA:165,1
DA:167,2
DA:170,1
LF:82
LH:74
BRDA:6,1,0,0
BRDA:6,1,1,1
BRDA:9,2,0,0
BRDA:9,2,1,1
BRDA:43,3,0,0
BRDA:43,3,1,5
BRDA:63,4,0,0
BRDA:63,4,1,100
BRDA:67,5,0,65
BRDA:67,5,1,35
BRDA:81,6,0,0
BRDA:81,6,1,27
BRDA:85,7,0,14
BRDA:85,7,1,13
BRDA:103,8,0,0
BRDA:103,8,1,14
BRDA:119,9,0,24
BRDA:119,9,1,184
BRDA:131,10,0,0
BRDA:131,10,1,59
BRDA:164,11,0,1
BRDA:164,11,1,1
BRF:22
BRH:15
end_of_record
TN:
SF:/Users/thomastiercelin/nodebjectify/lib/cache.js
FN:6,(anonymous_1)
FN:19,(anonymous_2)
FN:25,reset
FN:33,getCacheName
FN:42,set
FN:46,(anonymous_6)
FN:58,get
FN:63,(anonymous_8)
FN:76,del
FN:81,(anonymous_10)
FN:105,getInstance
FNF:11
FNH:11
FNDA:1,(anonymous_1)
FNDA:4,(anonymous_2)
FNDA:2,reset
FNDA:107,getCacheName
FNDA:48,set
FNDA:48,(anonymous_6)
FNDA:34,get
FNDA:34,(anonymous_8)
FNDA:21,del
FNDA:21,(anonymous_10)
FNDA:3,getInstance
DA:3,1
DA:4,1
DA:6,1
DA:7,1
DA:8,0
DA:10,1
DA:11,0
DA:14,1
DA:15,1
DA:17,1
DA:19,1
DA:20,4
DA:23,1
DA:25,1
DA:26,2
DA:27,1
DA:29,2
DA:30,2
DA:33,1
DA:34,107
DA:35,105
DA:38,2
DA:42,1
DA:44,48
DA:45,48
DA:46,48
DA:48,48
DA:49,0
DA:52,48
DA:55,48
DA:58,1
DA:59,34
DA:60,1
DA:62,34
DA:63,34
DA:65,34
DA:66,0
DA:67,0
DA:70,34
DA:73,34
DA:76,1
DA:77,21
DA:78,1
DA:80,21
DA:81,21
DA:82,21
DA:83,0
DA:84,0
DA:87,21
DA:90,21
DA:93,1
DA:94,1
DA:95,1
DA:96,1
DA:97,1
DA:99,1
DA:101,1
DA:104,1
DA:105,1
DA:106,3
DA:107,1
DA:109,3
DA:112,1
LF:63
LH:56
BRDA:7,1,0,0
BRDA:7,1,1,1
BRDA:10,2,0,0
BRDA:10,2,1,1
BRDA:26,3,0,1
BRDA:26,3,1,1
BRDA:34,4,0,105
BRDA:34,4,1,2
BRDA:44,5,0,48
BRDA:44,5,1,42
BRDA:48,6,0,0
BRDA:48,6,1,48
BRDA:59,7,0,1
BRDA:59,7,1,33
BRDA:65,8,0,0
BRDA:65,8,1,34
BRDA:77,9,0,1
BRDA:77,9,1,20
BRDA:82,10,0,0
BRDA:82,10,1,21
BRDA:106,11,0,1
BRDA:106,11,1,2
BRF:22
BRH:17
end_of_record
TN:
SF:/Users/thomastiercelin/nodebjectify/lib/model.js
FN:7,generateCacheName
FN:13,(anonymous_2)
FN:16,(anonymous_3)
FN:26,(anonymous_4)
FN:32,(anonymous_5)
FN:35,(anonymous_6)
FN:41,(anonymous_7)
FN:46,(anonymous_8)
FN:51,(anonymous_9)
FN:55,(anonymous_10)
FN:60,(anonymous_11)
FN:85,(anonymous_12)
FN:89,(anonymous_13)
FN:105,(anonymous_14)
FN:109,(anonymous_15)
FN:136,(anonymous_16)
FN:143,(anonymous_17)
FN:146,(anonymous_18)
FN:155,(anonymous_19)
FN:160,(anonymous_20)
FN:164,(anonymous_21)
FN:171,(anonymous_22)
FN:175,(anonymous_23)
FN:178,(anonymous_24)
FN:188,(anonymous_25)
FN:192,(anonymous_26)
FN:198,(anonymous_27)
FNF:27
FNH:26
FNDA:96,generateCacheName
FNDA:210,(anonymous_2)
FNDA:819,(anonymous_3)
FNDA:186,(anonymous_4)
FNDA:3,(anonymous_5)
FNDA:3,(anonymous_6)
FNDA:132,(anonymous_7)
FNDA:0,(anonymous_8)
FNDA:6,(anonymous_9)
FNDA:15,(anonymous_10)
FNDA:15,(anonymous_11)
FNDA:9,(anonymous_12)
FNDA:9,(anonymous_13)
FNDA:30,(anonymous_14)
FNDA:30,(anonymous_15)
FNDA:3,(anonymous_16)
FNDA:24,(anonymous_17)
FNDA:24,(anonymous_18)
FNDA:12,(anonymous_19)
FNDA:45,(anonymous_20)
FNDA:3,(anonymous_21)
FNDA:96,(anonymous_22)
FNDA:30,(anonymous_23)
FNDA:30,(anonymous_24)
FNDA:18,(anonymous_25)
FNDA:45,(anonymous_26)
FNDA:3,(anonymous_27)
DA:3,1
DA:4,1
DA:5,1
DA:7,1
DA:8,96
DA:14,210
DA:15,210
DA:16,210
DA:17,819
DA:19,210
DA:20,51
DA:27,186
DA:33,3
DA:34,3
DA:35,3
DA:36,3
DA:37,0
DA:40,3
DA:41,3
DA:42,132
DA:45,3
DA:47,0
DA:49,3
DA:52,6
DA:57,15
DA:58,15
DA:60,15
DA:61,15
DA:63,15
DA:65,15
DA:67,6
DA:70,9
DA:71,9
DA:72,3
DA:74,9
DA:77,0
DA:78,0
DA:82,15
DA:86,9
DA:87,9
DA:89,9
DA:90,9
DA:91,9
DA:93,9
DA:95,9
DA:98,0
DA:102,9
DA:106,30
DA:107,30
DA:109,30
DA:110,30
DA:111,30
DA:112,30
DA:114,30
DA:117,30
DA:118,12
DA:121,30
DA:123,30
DA:124,18
DA:127,30
DA:130,0
DA:134,30
DA:138,3
DA:144,24
DA:145,24
DA:146,24
DA:147,24
DA:148,12
DA:150,12
DA:152,24
DA:157,12
DA:161,45
DA:166,3
DA:172,96
DA:176,30
DA:177,30
DA:178,30
DA:180,30
DA:181,15
DA:183,15
DA:185,30
DA:189,18
DA:195,45
DA:199,3
DA:204,1
LF:85
LH:79
BRDA:14,1,0,210
BRDA:14,1,1,3
BRDA:19,2,0,51
BRDA:19,2,1,159
BRDA:36,3,0,0
BRDA:36,3,1,3
BRDA:36,4,0,3
BRDA:36,4,1,3
BRDA:65,5,0,6
BRDA:65,5,1,9
BRDA:71,6,0,3
BRDA:71,6,1,6
BRDA:114,7,0,30
BRDA:114,7,1,18
BRDA:117,8,0,12
BRDA:117,8,1,18
BRDA:123,9,0,18
BRDA:123,9,1,12
BRDA:147,10,0,12
BRDA:147,10,1,12
BRDA:180,11,0,15
BRDA:180,11,1,15
BRF:22
BRH:21
end_of_record
